<?xml version="1.0" encoding="UTF-8"?>
<testsuite name="au.com.codepractice.general.toyrobot.core.domain.GameBoardTest" tests="7" skipped="0" failures="0" errors="0" timestamp="2018-11-25T10:22:57" hostname="C02NXBZKG3QD" time="0.01">
  <properties/>
  <testcase name="testInvalidPositionAtBoundary" classname="au.com.codepractice.general.toyrobot.core.domain.GameBoardTest" time="0.001"/>
  <testcase name="testInvalidNegativePosition" classname="au.com.codepractice.general.toyrobot.core.domain.GameBoardTest" time="0.0"/>
  <testcase name="testPositionOccupied" classname="au.com.codepractice.general.toyrobot.core.domain.GameBoardTest" time="0.006"/>
  <testcase name="testInsertAndClearBoardWithInvalidPosition" classname="au.com.codepractice.general.toyrobot.core.domain.GameBoardTest" time="0.0"/>
  <testcase name="testInsertAndClearBoard" classname="au.com.codepractice.general.toyrobot.core.domain.GameBoardTest" time="0.0"/>
  <testcase name="testNullPosition" classname="au.com.codepractice.general.toyrobot.core.domain.GameBoardTest" time="0.001"/>
  <testcase name="testValidPosition" classname="au.com.codepractice.general.toyrobot.core.domain.GameBoardTest" time="0.0"/>
  <system-out><![CDATA[]]></system-out>
  <system-err><![CDATA[]]></system-err>
</testsuite>
