<?xml version="1.0" encoding="UTF-8"?>
<testsuite name="au.com.codepractice.general.toyrobot.application.CommandInputReaderTest" tests="1" skipped="0" failures="0" errors="0" timestamp="2018-11-25T10:23:01" hostname="C02NXBZKG3QD" time="0.012">
  <properties/>
  <testcase name="testReadCommand" classname="au.com.codepractice.general.toyrobot.application.CommandInputReaderTest" time="0.012"/>
  <system-out><![CDATA[]]></system-out>
  <system-err><![CDATA[]]></system-err>
</testsuite>
