<?xml version="1.0" encoding="UTF-8"?>
<testsuite name="au.com.codepractice.general.toyrobot.core.commands.MoveCommandTest" tests="5" skipped="0" failures="0" errors="0" timestamp="2018-11-25T10:22:57" hostname="C02NXBZKG3QD" time="0.004">
  <properties/>
  <testcase name="testMoveBeforePlaceCommandIsApplied" classname="au.com.codepractice.general.toyrobot.core.commands.MoveCommandTest" time="0.0"/>
  <testcase name="testMoveEast" classname="au.com.codepractice.general.toyrobot.core.commands.MoveCommandTest" time="0.001"/>
  <testcase name="testMoveWest" classname="au.com.codepractice.general.toyrobot.core.commands.MoveCommandTest" time="0.001"/>
  <testcase name="testMoveNorth" classname="au.com.codepractice.general.toyrobot.core.commands.MoveCommandTest" time="0.001"/>
  <testcase name="testMoveSouth" classname="au.com.codepractice.general.toyrobot.core.commands.MoveCommandTest" time="0.001"/>
  <system-out><![CDATA[]]></system-out>
  <system-err><![CDATA[]]></system-err>
</testsuite>
