<?xml version="1.0" encoding="UTF-8"?>
<testsuite name="au.com.codepractice.general.toyrobot.core.commands.PlaceCommandTest" tests="1" skipped="0" failures="0" errors="0" timestamp="2018-11-25T10:22:57" hostname="C02NXBZKG3QD" time="0.002">
  <properties/>
  <testcase name="testPlaceCommandPlacement" classname="au.com.codepractice.general.toyrobot.core.commands.PlaceCommandTest" time="0.002"/>
  <system-out><![CDATA[]]></system-out>
  <system-err><![CDATA[]]></system-err>
</testsuite>
