<?xml version="1.0" encoding="UTF-8"?>
<testsuite name="au.com.codepractice.general.toyrobot.core.commands.ReportCommandTest" tests="2" skipped="0" failures="0" errors="0" timestamp="2018-11-25T10:22:57" hostname="C02NXBZKG3QD" time="0.243">
  <properties/>
  <testcase name="testReportStatusBeforePlaceCommandIsApplied" classname="au.com.codepractice.general.toyrobot.core.commands.ReportCommandTest" time="0.238"/>
  <testcase name="testReportStatus" classname="au.com.codepractice.general.toyrobot.core.commands.ReportCommandTest" time="0.005"/>
  <system-out><![CDATA[]]></system-out>
  <system-err><![CDATA[]]></system-err>
</testsuite>
