<?xml version="1.0" encoding="UTF-8"?>
<testsuite name="au.com.codepractice.general.toyrobot.core.domain.OrientationTest" tests="2" skipped="0" failures="0" errors="0" timestamp="2018-11-25T10:22:57" hostname="C02NXBZKG3QD" time="0.001">
  <properties/>
  <testcase name="testRight" classname="au.com.codepractice.general.toyrobot.core.domain.OrientationTest" time="0.0"/>
  <testcase name="testLeft" classname="au.com.codepractice.general.toyrobot.core.domain.OrientationTest" time="0.001"/>
  <system-out><![CDATA[]]></system-out>
  <system-err><![CDATA[]]></system-err>
</testsuite>
