<?xml version="1.0" encoding="UTF-8"?>
<testsuite name="au.com.codepractice.general.toyrobot.application.RobotSimulatorGameTest" tests="6" skipped="0" failures="0" errors="0" timestamp="2018-11-25T10:22:58" hostname="C02NXBZKG3QD" time="0.166">
  <properties/>
  <testcase name="testProcessPlaceObjectCommand" classname="au.com.codepractice.general.toyrobot.application.RobotSimulatorGameTest" time="0.099"/>
  <testcase name="testInvalidPlacement" classname="au.com.codepractice.general.toyrobot.application.RobotSimulatorGameTest" time="0.028"/>
  <testcase name="testProcessReportCommand" classname="au.com.codepractice.general.toyrobot.application.RobotSimulatorGameTest" time="0.024"/>
  <testcase name="testProcessPlaceCommand" classname="au.com.codepractice.general.toyrobot.application.RobotSimulatorGameTest" time="0.002"/>
  <testcase name="testProcessTurnDirectionCommand" classname="au.com.codepractice.general.toyrobot.application.RobotSimulatorGameTest" time="0.007"/>
  <testcase name="testProcessMoveCommand" classname="au.com.codepractice.general.toyrobot.application.RobotSimulatorGameTest" time="0.006"/>
  <system-out><![CDATA[21:22:58.145 [Test worker] ERROR au.com.codepractice.general.toyrobot.application.RobotSimulatorGame - null
21:22:58.177 [Test worker] INFO au.com.codepractice.general.toyrobot.application.RobotSimulatorGame - ROBOT POSITION
]]></system-out>
  <system-err><![CDATA[]]></system-err>
</testsuite>
