<?xml version="1.0" encoding="UTF-8"?>
<testsuite name="au.com.codepractice.general.toyrobot.core.commands.TurnDirectionCommandTest" tests="4" skipped="0" failures="0" errors="0" timestamp="2018-11-25T10:22:57" hostname="C02NXBZKG3QD" time="0.018">
  <properties/>
  <testcase name="testTurnDirectionBeforePlaceCommandIsApplied" classname="au.com.codepractice.general.toyrobot.core.commands.TurnDirectionCommandTest" time="0.003"/>
  <testcase name="testTurnLeftDirection" classname="au.com.codepractice.general.toyrobot.core.commands.TurnDirectionCommandTest" time="0.01"/>
  <testcase name="testTurnRightDirection" classname="au.com.codepractice.general.toyrobot.core.commands.TurnDirectionCommandTest" time="0.001"/>
  <testcase name="testMoveNorth" classname="au.com.codepractice.general.toyrobot.core.commands.TurnDirectionCommandTest" time="0.003"/>
  <system-out><![CDATA[]]></system-out>
  <system-err><![CDATA[]]></system-err>
</testsuite>
